<?xml version="1.0" encoding="UTF-8"?>
<!-- Generated by org.testng.reporters.JUnitReportReporter -->
<testsuite hostname="Sanjeevs-MacBook-Air.local" failures="0" tests="3" name="com.shweta.restassured.rs.login" time="6.538" errors="0" timestamp="10 Jun 2021 02:36:58 GMT" skipped="0">
  <testcase classname="com.shweta.restassured.rs.login" name="getData" time="5.943"/>
  <testcase classname="com.shweta.restassured.rs.login" name="addData" time="0.388"/>
  <testcase classname="com.shweta.restassured.rs.login" name="deleteData" time="0.207"/>
</testsuite> <!-- com.shweta.restassured.rs.login -->
